INFO:     Started server process [9308]
INFO:     Waiting for application startup.
INFO:     Application startup complete.
INFO:     Uvicorn running on http://0.0.0.0:8000 (Press CTRL+C to quit)

============================================================
🚀 Starting Stress Detection API Server v2.0
============================================================
✅ Default Mode: Real ML predictions
🧠 Real ML Mode: ViT emotion detection (lazy loaded)
🌐 Server: http://localhost:8000
📊 Docs: http://localhost:8000/docs
============================================================

INFO:     127.0.0.1:52959 - "POST /predict/image?mode=real HTTP/1.1" 500 Internal Server Error
Loading trained ViT model...
Using device: cpu

Loading weights:   0%|          | 0/200 [00:00<?, ?it/s]
Loading weights:   0%|          | 1/200 [00:00<00:00, 5127.51it/s, Materializing param=classifier.bias]
Loading weights:   0%|          | 1/200 [00:00<00:00, 2041.02it/s, Materializing param=classifier.bias]
Loading weights:   1%|          | 2/200 [00:00<00:00, 2157.56it/s, Materializing param=classifier.weight]
Loading weights:   1%|          | 2/200 [00:00<00:00, 2032.62it/s, Materializing param=classifier.weight]
Loading weights:   2%|▏         | 3/200 [00:00<00:00, 2307.94it/s, Materializing param=vit.embeddings.cls_token]
Loading weights:   2%|▏         | 3/200 [00:00<00:00, 1710.33it/s, Materializing param=vit.embeddings.cls_token]
Loading weights:   2%|▏         | 4/200 [00:00<00:00, 1103.11it/s, Materializing param=vit.embeddings.patch_embeddings.projection.bias]
Loading weights:   2%|▏         | 4/200 [00:00<00:00, 972.48it/s, Materializing param=vit.embeddings.patch_embeddings.projection.bias] 
Loading weights:   2%|▎         | 5/200 [00:00<00:00, 1164.37it/s, Materializing param=vit.embeddings.patch_embeddings.projection.weight]
Loading weights:   2%|▎         | 5/200 [00:00<00:00, 1146.99it/s, Materializing param=vit.embeddings.patch_embeddings.projection.weight]
Loading weights:   3%|▎         | 6/200 [00:00<00:00, 1207.46it/s, Materializing param=vit.embeddings.position_embeddings]               
Loading weights:   3%|▎         | 6/200 [00:00<00:00, 1184.11it/s, Materializing param=vit.embeddings.position_embeddings]
Loading weights:   4%|▎         | 7/200 [00:00<00:00, 1268.80it/s, Materializing param=vit.encoder.layer.0.attention.attention.key.bias]
Loading weights:   4%|▎         | 7/200 [00:00<00:00, 1218.87it/s, Materializing param=vit.encoder.layer.0.attention.attention.key.bias]
Loading weights:   4%|▍         | 8/200 [00:00<00:00, 1303.14it/s, Materializing param=vit.encoder.layer.0.attention.attention.key.weight]
Loading weights:   4%|▍         | 8/200 [00:00<00:00, 1269.80it/s, Materializing param=vit.encoder.layer.0.attention.attention.key.weight]
Loading weights:   4%|▍         | 9/200 [00:00<00:00, 1361.35it/s, Materializing param=vit.encoder.layer.0.attention.attention.query.bias]
Loading weights:   4%|▍         | 9/200 [00:00<00:00, 1255.74it/s, Materializing param=vit.encoder.layer.0.attention.attention.query.bias]
Loading weights:   5%|▌         | 10/200 [00:00<00:00, 1362.01it/s, Materializing param=vit.encoder.layer.0.attention.attention.query.weight]
Loading weights:   5%|▌         | 10/200 [00:00<00:00, 1282.66it/s, Materializing param=vit.encoder.layer.0.attention.attention.query.weight]
Loading weights:   6%|▌         | 11/200 [00:00<00:00, 1392.36it/s, Materializing param=vit.encoder.layer.0.attention.attention.value.bias]  
Loading weights:   6%|▌         | 11/200 [00:00<00:00, 1341.12it/s, Materializing param=vit.encoder.layer.0.attention.attention.value.bias]
Loading weights:   6%|▌         | 12/200 [00:00<00:00, 1418.27it/s, Materializing param=vit.encoder.layer.0.attention.attention.value.weight]
Loading weights:   6%|▌         | 12/200 [00:00<00:00, 1385.36it/s, Materializing param=vit.encoder.layer.0.attention.attention.value.weight]
Loading weights:   6%|▋         | 13/200 [00:00<00:00, 1445.39it/s, Materializing param=vit.encoder.layer.0.attention.output.dense.bias]     
Loading weights:   6%|▋         | 13/200 [00:00<00:00, 1436.29it/s, Materializing param=vit.encoder.layer.0.attention.output.dense.bias]
Loading weights:   7%|▋         | 14/200 [00:00<00:00, 1524.69it/s, Materializing param=vit.encoder.layer.0.attention.output.dense.weight]
Loading weights:   7%|▋         | 14/200 [00:00<00:00, 1519.09it/s, Materializing param=vit.encoder.layer.0.attention.output.dense.weight]
Loading weights:   8%|▊         | 15/200 [00:00<00:00, 1505.71it/s, Materializing param=vit.encoder.layer.0.intermediate.dense.bias]      
Loading weights:   8%|▊         | 15/200 [00:00<00:00, 1494.02it/s, Materializing param=vit.encoder.layer.0.intermediate.dense.bias]
Loading weights:   8%|▊         | 16/200 [00:00<00:00, 1483.10it/s, Materializing param=vit.encoder.layer.0.intermediate.dense.weight]
Loading weights:   8%|▊         | 16/200 [00:00<00:00, 1424.36it/s, Materializing param=vit.encoder.layer.0.intermediate.dense.weight]
Loading weights:   8%|▊         | 17/200 [00:00<00:00, 1415.95it/s, Materializing param=vit.encoder.layer.0.layernorm_after.bias]     
Loading weights:   8%|▊         | 17/200 [00:00<00:00, 1409.85it/s, Materializing param=vit.encoder.layer.0.layernorm_after.bias]
Loading weights:   9%|▉         | 18/200 [00:00<00:00, 1455.60it/s, Materializing param=vit.encoder.layer.0.layernorm_after.weight]
Loading weights:   9%|▉         | 18/200 [00:00<00:00, 1401.22it/s, Materializing param=vit.encoder.layer.0.layernorm_after.weight]
Loading weights:  10%|▉         | 19/200 [00:00<00:00, 1415.59it/s, Materializing param=vit.encoder.layer.0.layernorm_before.bias] 
Loading weights:  10%|▉         | 19/200 [00:00<00:00, 1392.02it/s, Materializing param=vit.encoder.layer.0.layernorm_before.bias]
Loading weights:  10%|█         | 20/200 [00:00<00:00, 1446.86it/s, Materializing param=vit.encoder.layer.0.layernorm_before.weight]
Loading weights:  10%|█         | 20/200 [00:00<00:00, 1443.52it/s, Materializing param=vit.encoder.layer.0.layernorm_before.weight]
Loading weights:  10%|█         | 21/200 [00:00<00:00, 1497.84it/s, Materializing param=vit.encoder.layer.0.output.dense.bias]      
Loading weights:  10%|█         | 21/200 [00:00<00:00, 1493.27it/s, Materializing param=vit.encoder.layer.0.output.dense.bias]
Loading weights:  11%|█         | 22/200 [00:00<00:00, 1517.45it/s, Materializing param=vit.encoder.layer.0.output.dense.weight]
Loading weights:  11%|█         | 22/200 [00:00<00:00, 1496.80it/s, Materializing param=vit.encoder.layer.0.output.dense.weight]
Loading weights:  12%|█▏        | 23/200 [00:00<00:00, 1536.82it/s, Materializing param=vit.encoder.layer.1.attention.attention.key.bias]
Loading weights:  12%|█▏        | 23/200 [00:00<00:00, 1529.65it/s, Materializing param=vit.encoder.layer.1.attention.attention.key.bias]
Loading weights:  12%|█▏        | 24/200 [00:00<00:00, 1570.56it/s, Materializing param=vit.encoder.layer.1.attention.attention.key.weight]
Loading weights:  12%|█▏        | 24/200 [00:00<00:00, 1564.33it/s, Materializing param=vit.encoder.layer.1.attention.attention.key.weight]
Loading weights:  12%|█▎        | 25/200 [00:00<00:00, 1615.80it/s, Materializing param=vit.encoder.layer.1.attention.attention.query.bias]
Loading weights:  12%|█▎        | 25/200 [00:00<00:00, 1591.84it/s, Materializing param=vit.encoder.layer.1.attention.attention.query.bias]
Loading weights:  13%|█▎        | 26/200 [00:00<00:00, 1567.67it/s, Materializing param=vit.encoder.layer.1.attention.attention.query.weight]
Loading weights:  13%|█▎        | 26/200 [00:00<00:00, 1545.30it/s, Materializing param=vit.encoder.layer.1.attention.attention.query.weight]
Loading weights:  14%|█▎        | 27/200 [00:00<00:00, 1578.85it/s, Materializing param=vit.encoder.layer.1.attention.attention.value.bias]  
Loading weights:  14%|█▎        | 27/200 [00:00<00:00, 1573.24it/s, Materializing param=vit.encoder.layer.1.attention.attention.value.bias]
Loading weights:  14%|█▍        | 28/200 [00:00<00:00, 1607.89it/s, Materializing param=vit.encoder.layer.1.attention.attention.value.weight]
Loading weights:  14%|█▍        | 28/200 [00:00<00:00, 1574.27it/s, Materializing param=vit.encoder.layer.1.attention.attention.value.weight]
Loading weights:  14%|█▍        | 29/200 [00:00<00:00, 1600.18it/s, Materializing param=vit.encoder.layer.1.attention.output.dense.bias]     
Loading weights:  14%|█▍        | 29/200 [00:00<00:00, 1591.39it/s, Materializing param=vit.encoder.layer.1.attention.output.dense.bias]
Loading weights:  15%|█▌        | 30/200 [00:00<00:00, 1584.85it/s, Materializing param=vit.encoder.layer.1.attention.output.dense.weight]
Loading weights:  15%|█▌        | 30/200 [00:00<00:00, 1544.24it/s, Materializing param=vit.encoder.layer.1.attention.output.dense.weight]
Loading weights:  16%|█▌        | 31/200 [00:00<00:00, 1514.03it/s, Materializing param=vit.encoder.layer.1.intermediate.dense.bias]      
Loading weights:  16%|█▌        | 31/200 [00:00<00:00, 1510.71it/s, Materializing param=vit.encoder.layer.1.intermediate.dense.bias]
Loading weights:  16%|█▌        | 32/200 [00:00<00:00, 1548.50it/s, Materializing param=vit.encoder.layer.1.intermediate.dense.weight]
Loading weights:  16%|█▌        | 32/200 [00:00<00:00, 1544.03it/s, Materializing param=vit.encoder.layer.1.intermediate.dense.weight]
Loading weights:  16%|█▋        | 33/200 [00:00<00:00, 1568.89it/s, Materializing param=vit.encoder.layer.1.layernorm_after.bias]     
Loading weights:  16%|█▋        | 33/200 [00:00<00:00, 1551.98it/s, Materializing param=vit.encoder.layer.1.layernorm_after.bias]
Loading weights:  17%|█▋        | 34/200 [00:00<00:00, 1584.41it/s, Materializing param=vit.encoder.layer.1.layernorm_after.weight]
Loading weights:  17%|█▋        | 34/200 [00:00<00:00, 1570.29it/s, Materializing param=vit.encoder.layer.1.layernorm_after.weight]
Loading weights:  18%|█▊        | 35/200 [00:00<00:00, 1585.65it/s, Materializing param=vit.encoder.layer.1.layernorm_before.bias] 
Loading weights:  18%|█▊        | 35/200 [00:00<00:00, 1568.23it/s, Materializing param=vit.encoder.layer.1.layernorm_before.bias]
Loading weights:  18%|█▊        | 36/200 [00:00<00:00, 1607.27it/s, Materializing param=vit.encoder.layer.1.layernorm_before.weight]
Loading weights:  18%|█▊        | 36/200 [00:00<00:00, 1588.07it/s, Materializing param=vit.encoder.layer.1.layernorm_before.weight]
Loading weights:  18%|█▊        | 37/200 [00:00<00:00, 1586.69it/s, Materializing param=vit.encoder.layer.1.output.dense.bias]      
Loading weights:  18%|█▊        | 37/200 [00:00<00:00, 1557.56it/s, Materializing param=vit.encoder.layer.1.output.dense.bias]
Loading weights:  19%|█▉        | 38/200 [00:00<00:00, 1589.08it/s, Materializing param=vit.encoder.layer.1.output.dense.weight]
Loading weights:  19%|█▉        | 38/200 [00:00<00:00, 1584.98it/s, Materializing param=vit.encoder.layer.1.output.dense.weight]
Loading weights:  20%|█▉        | 39/200 [00:00<00:00, 1606.32it/s, Materializing param=vit.encoder.layer.2.attention.attention.key.bias]
Loading weights:  20%|█▉        | 39/200 [00:00<00:00, 1604.00it/s, Materializing param=vit.encoder.layer.2.attention.attention.key.bias]
Loading weights:  20%|██        | 40/200 [00:00<00:00, 1599.55it/s, Materializing param=vit.encoder.layer.2.attention.attention.key.weight]
Loading weights:  20%|██        | 40/200 [00:00<00:00, 1584.22it/s, Materializing param=vit.encoder.layer.2.attention.attention.key.weight]
Loading weights:  20%|██        | 41/200 [00:00<00:00, 1600.55it/s, Materializing param=vit.encoder.layer.2.attention.attention.query.bias]
Loading weights:  20%|██        | 41/200 [00:00<00:00, 1597.93it/s, Materializing param=vit.encoder.layer.2.attention.attention.query.bias]
Loading weights:  21%|██        | 42/200 [00:00<00:00, 1612.77it/s, Materializing param=vit.encoder.layer.2.attention.attention.query.weight]
Loading weights:  21%|██        | 42/200 [00:00<00:00, 1610.79it/s, Materializing param=vit.encoder.layer.2.attention.attention.query.weight]
Loading weights:  22%|██▏       | 43/200 [00:00<00:00, 1640.10it/s, Materializing param=vit.encoder.layer.2.attention.attention.value.bias]  
Loading weights:  22%|██▏       | 43/200 [00:00<00:00, 1634.23it/s, Materializing param=vit.encoder.layer.2.attention.attention.value.bias]
Loading weights:  22%|██▏       | 44/200 [00:00<00:00, 1652.82it/s, Materializing param=vit.encoder.layer.2.attention.attention.value.weight]
Loading weights:  22%|██▏       | 44/200 [00:00<00:00, 1637.08it/s, Materializing param=vit.encoder.layer.2.attention.attention.value.weight]
Loading weights:  22%|██▎       | 45/200 [00:00<00:00, 1654.22it/s, Materializing param=vit.encoder.layer.2.attention.output.dense.bias]     
Loading weights:  22%|██▎       | 45/200 [00:00<00:00, 1641.25it/s, Materializing param=vit.encoder.layer.2.attention.output.dense.bias]
Loading weights:  23%|██▎       | 46/200 [00:00<00:00, 1673.46it/s, Materializing param=vit.encoder.layer.2.attention.output.dense.weight]
Loading weights:  23%|██▎       | 46/200 [00:00<00:00, 1670.34it/s, Materializing param=vit.encoder.layer.2.attention.output.dense.weight]
Loading weights:  24%|██▎       | 47/200 [00:00<00:00, 1672.47it/s, Materializing param=vit.encoder.layer.2.intermediate.dense.bias]      
Loading weights:  24%|██▎       | 47/200 [00:00<00:00, 1669.69it/s, Materializing param=vit.encoder.layer.2.intermediate.dense.bias]
Loading weights:  24%|██▍       | 48/200 [00:00<00:00, 1689.61it/s, Materializing param=vit.encoder.layer.2.intermediate.dense.weight]
Loading weights:  24%|██▍       | 48/200 [00:00<00:00, 1683.60it/s, Materializing param=vit.encoder.layer.2.intermediate.dense.weight]
Loading weights:  24%|██▍       | 49/200 [00:00<00:00, 1705.84it/s, Materializing param=vit.encoder.layer.2.layernorm_after.bias]     
Loading weights:  24%|██▍       | 49/200 [00:00<00:00, 1682.64it/s, Materializing param=vit.encoder.layer.2.layernorm_after.bias]
Loading weights:  25%|██▌       | 50/200 [00:00<00:00, 1709.74it/s, Materializing param=vit.encoder.layer.2.layernorm_after.weight]
Loading weights:  25%|██▌       | 50/200 [00:00<00:00, 1707.71it/s, Materializing param=vit.encoder.layer.2.layernorm_after.weight]
Loading weights:  26%|██▌       | 51/200 [00:00<00:00, 1738.72it/s, Materializing param=vit.encoder.layer.2.layernorm_before.bias] 
Loading weights:  26%|██▌       | 51/200 [00:00<00:00, 1737.05it/s, Materializing param=vit.encoder.layer.2.layernorm_before.bias]
Loading weights:  26%|██▌       | 52/200 [00:00<00:00, 1768.23it/s, Materializing param=vit.encoder.layer.2.layernorm_before.weight]
Loading weights:  26%|██▌       | 52/200 [00:00<00:00, 1766.59it/s, Materializing param=vit.encoder.layer.2.layernorm_before.weight]
Loading weights:  26%|██▋       | 53/200 [00:00<00:00, 1797.87it/s, Materializing param=vit.encoder.layer.2.output.dense.bias]      
Loading weights:  26%|██▋       | 53/200 [00:00<00:00, 1796.30it/s, Materializing param=vit.encoder.layer.2.output.dense.bias]
Loading weights:  27%|██▋       | 54/200 [00:00<00:00, 1827.54it/s, Materializing param=vit.encoder.layer.2.output.dense.weight]
Loading weights:  27%|██▋       | 54/200 [00:00<00:00, 1825.98it/s, Materializing param=vit.encoder.layer.2.output.dense.weight]
Loading weights:  28%|██▊       | 55/200 [00:00<00:00, 1857.16it/s, Materializing param=vit.encoder.layer.3.attention.attention.key.bias]
Loading weights:  28%|██▊       | 55/200 [00:00<00:00, 1855.59it/s, Materializing param=vit.encoder.layer.3.attention.attention.key.bias]
Loading weights:  28%|██▊       | 56/200 [00:00<00:00, 1886.28it/s, Materializing param=vit.encoder.layer.3.attention.attention.key.weight]
Loading weights:  28%|██▊       | 56/200 [00:00<00:00, 1884.63it/s, Materializing param=vit.encoder.layer.3.attention.attention.key.weight]
Loading weights:  28%|██▊       | 57/200 [00:00<00:00, 1915.58it/s, Materializing param=vit.encoder.layer.3.attention.attention.query.bias]
Loading weights:  28%|██▊       | 57/200 [00:00<00:00, 1913.38it/s, Materializing param=vit.encoder.layer.3.attention.attention.query.bias]
Loading weights:  29%|██▉       | 58/200 [00:00<00:00, 1944.21it/s, Materializing param=vit.encoder.layer.3.attention.attention.query.weight]
Loading weights:  29%|██▉       | 58/200 [00:00<00:00, 1942.52it/s, Materializing param=vit.encoder.layer.3.attention.attention.query.weight]
Loading weights:  30%|██▉       | 59/200 [00:00<00:00, 1973.24it/s, Materializing param=vit.encoder.layer.3.attention.attention.value.bias]  
Loading weights:  30%|██▉       | 59/200 [00:00<00:00, 1971.59it/s, Materializing param=vit.encoder.layer.3.attention.attention.value.bias]
Loading weights:  30%|███       | 60/200 [00:00<00:00, 2002.20it/s, Materializing param=vit.encoder.layer.3.attention.attention.value.weight]
Loading weights:  30%|███       | 60/200 [00:00<00:00, 2000.45it/s, Materializing param=vit.encoder.layer.3.attention.attention.value.weight]
Loading weights:  30%|███       | 61/200 [00:00<00:00, 2030.75it/s, Materializing param=vit.encoder.layer.3.attention.output.dense.bias]     
Loading weights:  30%|███       | 61/200 [00:00<00:00, 2028.93it/s, Materializing param=vit.encoder.layer.3.attention.output.dense.bias]
Loading weights:  31%|███       | 62/200 [00:00<00:00, 2058.91it/s, Materializing param=vit.encoder.layer.3.attention.output.dense.weight]
Loading weights:  31%|███       | 62/200 [00:00<00:00, 2057.20it/s, Materializing param=vit.encoder.layer.3.attention.output.dense.weight]
Loading weights:  32%|███▏      | 63/200 [00:00<00:00, 2087.39it/s, Materializing param=vit.encoder.layer.3.intermediate.dense.bias]      
Loading weights:  32%|███▏      | 63/200 [00:00<00:00, 2085.66it/s, Materializing param=vit.encoder.layer.3.intermediate.dense.bias]
Loading weights:  32%|███▏      | 64/200 [00:00<00:00, 2115.90it/s, Materializing param=vit.encoder.layer.3.intermediate.dense.weight]
Loading weights:  32%|███▏      | 64/200 [00:00<00:00, 2114.16it/s, Materializing param=vit.encoder.layer.3.intermediate.dense.weight]
Loading weights:  32%|███▎      | 65/200 [00:00<00:00, 2144.23it/s, Materializing param=vit.encoder.layer.3.layernorm_after.bias]     
Loading weights:  32%|███▎      | 65/200 [00:00<00:00, 2142.46it/s, Materializing param=vit.encoder.layer.3.layernorm_after.bias]
Loading weights:  33%|███▎      | 66/200 [00:00<00:00, 2172.33it/s, Materializing param=vit.encoder.layer.3.layernorm_after.weight]
Loading weights:  33%|███▎      | 66/200 [00:00<00:00, 2170.61it/s, Materializing param=vit.encoder.layer.3.layernorm_after.weight]
Loading weights:  34%|███▎      | 67/200 [00:00<00:00, 2200.54it/s, Materializing param=vit.encoder.layer.3.layernorm_before.bias] 
Loading weights:  34%|███▎      | 67/200 [00:00<00:00, 2198.53it/s, Materializing param=vit.encoder.layer.3.layernorm_before.bias]
Loading weights:  34%|███▍      | 68/200 [00:00<00:00, 2228.05it/s, Materializing param=vit.encoder.layer.3.layernorm_before.weight]
Loading weights:  34%|███▍      | 68/200 [00:00<00:00, 2226.21it/s, Materializing param=vit.encoder.layer.3.layernorm_before.weight]
Loading weights:  34%|███▍      | 69/200 [00:00<00:00, 2256.07it/s, Materializing param=vit.encoder.layer.3.output.dense.bias]      
Loading weights:  34%|███▍      | 69/200 [00:00<00:00, 2254.30it/s, Materializing param=vit.encoder.layer.3.output.dense.bias]
Loading weights:  35%|███▌      | 70/200 [00:00<00:00, 2283.91it/s, Materializing param=vit.encoder.layer.3.output.dense.weight]
Loading weights:  35%|███▌      | 70/200 [00:00<00:00, 2282.05it/s, Materializing param=vit.encoder.layer.3.output.dense.weight]
Loading weights:  36%|███▌      | 71/200 [00:00<00:00, 2310.97it/s, Materializing param=vit.encoder.layer.4.attention.attention.key.bias]
Loading weights:  36%|███▌      | 71/200 [00:00<00:00, 2309.01it/s, Materializing param=vit.encoder.layer.4.attention.attention.key.bias]
Loading weights:  36%|███▌      | 72/200 [00:00<00:00, 2337.58it/s, Materializing param=vit.encoder.layer.4.attention.attention.key.weight]
Loading weights:  36%|███▌      | 72/200 [00:00<00:00, 2335.68it/s, Materializing param=vit.encoder.layer.4.attention.attention.key.weight]
Loading weights:  36%|███▋      | 73/200 [00:00<00:00, 2364.45it/s, Materializing param=vit.encoder.layer.4.attention.attention.query.bias]
Loading weights:  36%|███▋      | 73/200 [00:00<00:00, 2362.44it/s, Materializing param=vit.encoder.layer.4.attention.attention.query.bias]
Loading weights:  37%|███▋      | 74/200 [00:00<00:00, 2391.33it/s, Materializing param=vit.encoder.layer.4.attention.attention.query.weight]
Loading weights:  37%|███▋      | 74/200 [00:00<00:00, 2389.33it/s, Materializing param=vit.encoder.layer.4.attention.attention.query.weight]
Loading weights:  38%|███▊      | 75/200 [00:00<00:00, 2418.10it/s, Materializing param=vit.encoder.layer.4.attention.attention.value.bias]  
Loading weights:  38%|███▊      | 75/200 [00:00<00:00, 2416.07it/s, Materializing param=vit.encoder.layer.4.attention.attention.value.bias]
Loading weights:  38%|███▊      | 76/200 [00:00<00:00, 2444.66it/s, Materializing param=vit.encoder.layer.4.attention.attention.value.weight]
Loading weights:  38%|███▊      | 76/200 [00:00<00:00, 2442.62it/s, Materializing param=vit.encoder.layer.4.attention.attention.value.weight]
Loading weights:  38%|███▊      | 77/200 [00:00<00:00, 2471.35it/s, Materializing param=vit.encoder.layer.4.attention.output.dense.bias]     
Loading weights:  38%|███▊      | 77/200 [00:00<00:00, 2469.37it/s, Materializing param=vit.encoder.layer.4.attention.output.dense.bias]
Loading weights:  39%|███▉      | 78/200 [00:00<00:00, 2497.83it/s, Materializing param=vit.encoder.layer.4.attention.output.dense.weight]
Loading weights:  39%|███▉      | 78/200 [00:00<00:00, 2495.90it/s, Materializing param=vit.encoder.layer.4.attention.output.dense.weight]
Loading weights:  40%|███▉      | 79/200 [00:00<00:00, 2524.59it/s, Materializing param=vit.encoder.layer.4.intermediate.dense.bias]      
Loading weights:  40%|███▉      | 79/200 [00:00<00:00, 2522.52it/s, Materializing param=vit.encoder.layer.4.intermediate.dense.bias]
Loading weights:  40%|████      | 80/200 [00:00<00:00, 2550.78it/s, Materializing param=vit.encoder.layer.4.intermediate.dense.weight]
Loading weights:  40%|████      | 80/200 [00:00<00:00, 2548.72it/s, Materializing param=vit.encoder.layer.4.intermediate.dense.weight]
Loading weights:  40%|████      | 81/200 [00:00<00:00, 2577.14it/s, Materializing param=vit.encoder.layer.4.layernorm_after.bias]     
Loading weights:  40%|████      | 81/200 [00:00<00:00, 2575.10it/s, Materializing param=vit.encoder.layer.4.layernorm_after.bias]
Loading weights:  41%|████      | 82/200 [00:00<00:00, 2603.09it/s, Materializing param=vit.encoder.layer.4.layernorm_after.weight]
Loading weights:  41%|████      | 82/200 [00:00<00:00, 2600.76it/s, Materializing param=vit.encoder.layer.4.layernorm_after.weight]
Loading weights:  42%|████▏     | 83/200 [00:00<00:00, 2629.14it/s, Materializing param=vit.encoder.layer.4.layernorm_before.bias] 
Loading weights:  42%|████▏     | 83/200 [00:00<00:00, 2627.08it/s, Materializing param=vit.encoder.layer.4.layernorm_before.bias]
Loading weights:  42%|████▏     | 84/200 [00:00<00:00, 2655.44it/s, Materializing param=vit.encoder.layer.4.layernorm_before.weight]
Loading weights:  42%|████▏     | 84/200 [00:00<00:00, 2653.36it/s, Materializing param=vit.encoder.layer.4.layernorm_before.weight]
Loading weights:  42%|████▎     | 85/200 [00:00<00:00, 2681.54it/s, Materializing param=vit.encoder.layer.4.output.dense.bias]      
Loading weights:  42%|████▎     | 85/200 [00:00<00:00, 2679.44it/s, Materializing param=vit.encoder.layer.4.output.dense.bias]
Loading weights:  43%|████▎     | 86/200 [00:00<00:00, 2706.94it/s, Materializing param=vit.encoder.layer.4.output.dense.weight]
Loading weights:  43%|████▎     | 86/200 [00:00<00:00, 2704.91it/s, Materializing param=vit.encoder.layer.4.output.dense.weight]
Loading weights:  44%|████▎     | 87/200 [00:00<00:00, 2732.73it/s, Materializing param=vit.encoder.layer.5.attention.attention.key.bias]
Loading weights:  44%|████▎     | 87/200 [00:00<00:00, 2730.52it/s, Materializing param=vit.encoder.layer.5.attention.attention.key.bias]
Loading weights:  44%|████▍     | 88/200 [00:00<00:00, 2758.28it/s, Materializing param=vit.encoder.layer.5.attention.attention.key.weight]
Loading weights:  44%|████▍     | 88/200 [00:00<00:00, 2756.01it/s, Materializing param=vit.encoder.layer.5.attention.attention.key.weight]
Loading weights:  44%|████▍     | 89/200 [00:00<00:00, 2783.67it/s, Materializing param=vit.encoder.layer.5.attention.attention.query.bias]
Loading weights:  44%|████▍     | 89/200 [00:00<00:00, 2781.49it/s, Materializing param=vit.encoder.layer.5.attention.attention.query.bias]
Loading weights:  45%|████▌     | 90/200 [00:00<00:00, 2809.15it/s, Materializing param=vit.encoder.layer.5.attention.attention.query.weight]
Loading weights:  45%|████▌     | 90/200 [00:00<00:00, 2806.97it/s, Materializing param=vit.encoder.layer.5.attention.attention.query.weight]
Loading weights:  46%|████▌     | 91/200 [00:00<00:00, 2834.37it/s, Materializing param=vit.encoder.layer.5.attention.attention.value.bias]  
Loading weights:  46%|████▌     | 91/200 [00:00<00:00, 2832.14it/s, Materializing param=vit.encoder.layer.5.attention.attention.value.bias]
Loading weights:  46%|████▌     | 92/200 [00:00<00:00, 2859.63it/s, Materializing param=vit.encoder.layer.5.attention.attention.value.weight]
Loading weights:  46%|████▌     | 92/200 [00:00<00:00, 2857.49it/s, Materializing param=vit.encoder.layer.5.attention.attention.value.weight]
Loading weights:  46%|████▋     | 93/200 [00:00<00:00, 2884.96it/s, Materializing param=vit.encoder.layer.5.attention.output.dense.bias]     
Loading weights:  46%|████▋     | 93/200 [00:00<00:00, 2882.73it/s, Materializing param=vit.encoder.layer.5.attention.output.dense.bias]
Loading weights:  47%|████▋     | 94/200 [00:00<00:00, 2910.13it/s, Materializing param=vit.encoder.layer.5.attention.output.dense.weight]
Loading weights:  47%|████▋     | 94/200 [00:00<00:00, 2907.96it/s, Materializing param=vit.encoder.layer.5.attention.output.dense.weight]
Loading weights:  48%|████▊     | 95/200 [00:00<00:00, 2935.26it/s, Materializing param=vit.encoder.layer.5.intermediate.dense.bias]      
Loading weights:  48%|████▊     | 95/200 [00:00<00:00, 2933.08it/s, Materializing param=vit.encoder.layer.5.intermediate.dense.bias]
Loading weights:  48%|████▊     | 96/200 [00:00<00:00, 2960.32it/s, Materializing param=vit.encoder.layer.5.intermediate.dense.weight]
Loading weights:  48%|████▊     | 96/200 [00:00<00:00, 2958.12it/s, Materializing param=vit.encoder.layer.5.intermediate.dense.weight]
Loading weights:  48%|████▊     | 97/200 [00:00<00:00, 2985.36it/s, Materializing param=vit.encoder.layer.5.layernorm_after.bias]     
Loading weights:  48%|████▊     | 97/200 [00:00<00:00, 2983.23it/s, Materializing param=vit.encoder.layer.5.layernorm_after.bias]
Loading weights:  49%|████▉     | 98/200 [00:00<00:00, 3010.28it/s, Materializing param=vit.encoder.layer.5.layernorm_after.weight]
Loading weights:  49%|████▉     | 98/200 [00:00<00:00, 3008.06it/s, Materializing param=vit.encoder.layer.5.layernorm_after.weight]
Loading weights:  50%|████▉     | 99/200 [00:00<00:00, 3035.31it/s, Materializing param=vit.encoder.layer.5.layernorm_before.bias] 
Loading weights:  50%|████▉     | 99/200 [00:00<00:00, 3033.09it/s, Materializing param=vit.encoder.layer.5.layernorm_before.bias]
Loading weights:  50%|█████     | 100/200 [00:00<00:00, 3059.86it/s, Materializing param=vit.encoder.layer.5.layernorm_before.weight]
Loading weights:  50%|█████     | 100/200 [00:00<00:00, 3057.63it/s, Materializing param=vit.encoder.layer.5.layernorm_before.weight]
Loading weights:  50%|█████     | 101/200 [00:00<00:00, 3084.61it/s, Materializing param=vit.encoder.layer.5.output.dense.bias]      
Loading weights:  50%|█████     | 101/200 [00:00<00:00, 3082.36it/s, Materializing param=vit.encoder.layer.5.output.dense.bias]
Loading weights:  51%|█████     | 102/200 [00:00<00:00, 3109.08it/s, Materializing param=vit.encoder.layer.5.output.dense.weight]
Loading weights:  51%|█████     | 102/200 [00:00<00:00, 3106.82it/s, Materializing param=vit.encoder.layer.5.output.dense.weight]
Loading weights:  52%|█████▏    | 103/200 [00:00<00:00, 3133.07it/s, Materializing param=vit.encoder.layer.6.attention.attention.key.bias]
Loading weights:  52%|█████▏    | 103/200 [00:00<00:00, 3130.78it/s, Materializing param=vit.encoder.layer.6.attention.attention.key.bias]
Loading weights:  52%|█████▏    | 104/200 [00:00<00:00, 3157.06it/s, Materializing param=vit.encoder.layer.6.attention.attention.key.weight]
Loading weights:  52%|█████▏    | 104/200 [00:00<00:00, 3154.75it/s, Materializing param=vit.encoder.layer.6.attention.attention.key.weight]
Loading weights:  52%|█████▎    | 105/200 [00:00<00:00, 3181.13it/s, Materializing param=vit.encoder.layer.6.attention.attention.query.bias]
Loading weights:  52%|█████▎    | 105/200 [00:00<00:00, 3178.72it/s, Materializing param=vit.encoder.layer.6.attention.attention.query.bias]
Loading weights:  53%|█████▎    | 106/200 [00:00<00:00, 3205.11it/s, Materializing param=vit.encoder.layer.6.attention.attention.query.weight]
Loading weights:  53%|█████▎    | 106/200 [00:00<00:00, 3202.68it/s, Materializing param=vit.encoder.layer.6.attention.attention.query.weight]
Loading weights:  54%|█████▎    | 107/200 [00:00<00:00, 3229.01it/s, Materializing param=vit.encoder.layer.6.attention.attention.value.bias]  
Loading weights:  54%|█████▎    | 107/200 [00:00<00:00, 3226.60it/s, Materializing param=vit.encoder.layer.6.attention.attention.value.bias]
Loading weights:  54%|█████▍    | 108/200 [00:00<00:00, 3252.43it/s, Materializing param=vit.encoder.layer.6.attention.attention.value.weight]
Loading weights:  54%|█████▍    | 108/200 [00:00<00:00, 3249.86it/s, Materializing param=vit.encoder.layer.6.attention.attention.value.weight]
Loading weights:  55%|█████▍    | 109/200 [00:00<00:00, 3275.93it/s, Materializing param=vit.encoder.layer.6.attention.output.dense.bias]     
Loading weights:  55%|█████▍    | 109/200 [00:00<00:00, 3273.44it/s, Materializing param=vit.encoder.layer.6.attention.output.dense.bias]
Loading weights:  55%|█████▌    | 110/200 [00:00<00:00, 3299.41it/s, Materializing param=vit.encoder.layer.6.attention.output.dense.weight]
Loading weights:  55%|█████▌    | 110/200 [00:00<00:00, 3296.96it/s, Materializing param=vit.encoder.layer.6.attention.output.dense.weight]
Loading weights:  56%|█████▌    | 111/200 [00:00<00:00, 3322.66it/s, Materializing param=vit.encoder.layer.6.intermediate.dense.bias]      
Loading weights:  56%|█████▌    | 111/200 [00:00<00:00, 3320.17it/s, Materializing param=vit.encoder.layer.6.intermediate.dense.bias]
Loading weights:  56%|█████▌    | 112/200 [00:00<00:00, 3345.57it/s, Materializing param=vit.encoder.layer.6.intermediate.dense.weight]
Loading weights:  56%|█████▌    | 112/200 [00:00<00:00, 3343.17it/s, Materializing param=vit.encoder.layer.6.intermediate.dense.weight]
Loading weights:  56%|█████▋    | 113/200 [00:00<00:00, 3369.11it/s, Materializing param=vit.encoder.layer.6.layernorm_after.bias]     
Loading weights:  56%|█████▋    | 113/200 [00:00<00:00, 3366.41it/s, Materializing param=vit.encoder.layer.6.layernorm_after.bias]
Loading weights:  57%|█████▋    | 114/200 [00:00<00:00, 3392.13it/s, Materializing param=vit.encoder.layer.6.layernorm_after.weight]
Loading weights:  57%|█████▋    | 114/200 [00:00<00:00, 3389.72it/s, Materializing param=vit.encoder.layer.6.layernorm_after.weight]
Loading weights:  57%|█████▊    | 115/200 [00:00<00:00, 3415.39it/s, Materializing param=vit.encoder.layer.6.layernorm_before.bias] 
Loading weights:  57%|█████▊    | 115/200 [00:00<00:00, 3412.97it/s, Materializing param=vit.encoder.layer.6.layernorm_before.bias]
Loading weights:  58%|█████▊    | 116/200 [00:00<00:00, 3438.76it/s, Materializing param=vit.encoder.layer.6.layernorm_before.weight]
Loading weights:  58%|█████▊    | 116/200 [00:00<00:00, 3436.40it/s, Materializing param=vit.encoder.layer.6.layernorm_before.weight]
Loading weights:  58%|█████▊    | 117/200 [00:00<00:00, 3462.14it/s, Materializing param=vit.encoder.layer.6.output.dense.bias]      
Loading weights:  58%|█████▊    | 117/200 [00:00<00:00, 3459.70it/s, Materializing param=vit.encoder.layer.6.output.dense.bias]
Loading weights:  59%|█████▉    | 118/200 [00:00<00:00, 3485.46it/s, Materializing param=vit.encoder.layer.6.output.dense.weight]
Loading weights:  59%|█████▉    | 118/200 [00:00<00:00, 3483.08it/s, Materializing param=vit.encoder.layer.6.output.dense.weight]
Loading weights:  60%|█████▉    | 119/200 [00:00<00:00, 3508.64it/s, Materializing param=vit.encoder.layer.7.attention.attention.key.bias]
Loading weights:  60%|█████▉    | 119/200 [00:00<00:00, 3506.18it/s, Materializing param=vit.encoder.layer.7.attention.attention.key.bias]
Loading weights:  60%|██████    | 120/200 [00:00<00:00, 3531.38it/s, Materializing param=vit.encoder.layer.7.attention.attention.key.weight]
Loading weights:  60%|██████    | 120/200 [00:00<00:00, 3528.78it/s, Materializing param=vit.encoder.layer.7.attention.attention.key.weight]
Loading weights:  60%|██████    | 121/200 [00:00<00:00, 3553.80it/s, Materializing param=vit.encoder.layer.7.attention.attention.query.bias]
Loading weights:  60%|██████    | 121/200 [00:00<00:00, 3551.29it/s, Materializing param=vit.encoder.layer.7.attention.attention.query.bias]
Loading weights:  61%|██████    | 122/200 [00:00<00:00, 3576.46it/s, Materializing param=vit.encoder.layer.7.attention.attention.query.weight]
Loading weights:  61%|██████    | 122/200 [00:00<00:00, 3573.93it/s, Materializing param=vit.encoder.layer.7.attention.attention.query.weight]
Loading weights:  62%|██████▏   | 123/200 [00:00<00:00, 3599.13it/s, Materializing param=vit.encoder.layer.7.attention.attention.value.bias]  
Loading weights:  62%|██████▏   | 123/200 [00:00<00:00, 3596.50it/s, Materializing param=vit.encoder.layer.7.attention.attention.value.bias]
Loading weights:  62%|██████▏   | 124/200 [00:00<00:00, 3621.07it/s, Materializing param=vit.encoder.layer.7.attention.attention.value.weight]
Loading weights:  62%|██████▏   | 124/200 [00:00<00:00, 3618.29it/s, Materializing param=vit.encoder.layer.7.attention.attention.value.weight]
Loading weights:  62%|██████▎   | 125/200 [00:00<00:00, 3643.12it/s, Materializing param=vit.encoder.layer.7.attention.output.dense.bias]     
Loading weights:  62%|██████▎   | 125/200 [00:00<00:00, 3640.61it/s, Materializing param=vit.encoder.layer.7.attention.output.dense.bias]
Loading weights:  63%|██████▎   | 126/200 [00:00<00:00, 3664.37it/s, Materializing param=vit.encoder.layer.7.attention.output.dense.weight]
Loading weights:  63%|██████▎   | 126/200 [00:00<00:00, 3661.50it/s, Materializing param=vit.encoder.layer.7.attention.output.dense.weight]
Loading weights:  64%|██████▎   | 127/200 [00:00<00:00, 3685.96it/s, Materializing param=vit.encoder.layer.7.intermediate.dense.bias]      
Loading weights:  64%|██████▎   | 127/200 [00:00<00:00, 3683.18it/s, Materializing param=vit.encoder.layer.7.intermediate.dense.bias]
Loading weights:  64%|██████▍   | 128/200 [00:00<00:00, 3707.65it/s, Materializing param=vit.encoder.layer.7.intermediate.dense.weight]
Loading weights:  64%|██████▍   | 128/200 [00:00<00:00, 3705.09it/s, Materializing param=vit.encoder.layer.7.intermediate.dense.weight]
Loading weights:  64%|██████▍   | 129/200 [00:00<00:00, 3729.94it/s, Materializing param=vit.encoder.layer.7.layernorm_after.bias]     
Loading weights:  64%|██████▍   | 129/200 [00:00<00:00, 3727.35it/s, Materializing param=vit.encoder.layer.7.layernorm_after.bias]
Loading weights:  65%|██████▌   | 130/200 [00:00<00:00, 3751.90it/s, Materializing param=vit.encoder.layer.7.layernorm_after.weight]
Loading weights:  65%|██████▌   | 130/200 [00:00<00:00, 3749.29it/s, Materializing param=vit.encoder.layer.7.layernorm_after.weight]
Loading weights:  66%|██████▌   | 131/200 [00:00<00:00, 3773.67it/s, Materializing param=vit.encoder.layer.7.layernorm_before.bias] 
Loading weights:  66%|██████▌   | 131/200 [00:00<00:00, 3771.05it/s, Materializing param=vit.encoder.layer.7.layernorm_before.bias]
Loading weights:  66%|██████▌   | 132/200 [00:00<00:00, 3795.72it/s, Materializing param=vit.encoder.layer.7.layernorm_before.weight]
Loading weights:  66%|██████▌   | 132/200 [00:00<00:00, 3793.10it/s, Materializing param=vit.encoder.layer.7.layernorm_before.weight]
Loading weights:  66%|██████▋   | 133/200 [00:00<00:00, 3817.54it/s, Materializing param=vit.encoder.layer.7.output.dense.bias]      
Loading weights:  66%|██████▋   | 133/200 [00:00<00:00, 3814.93it/s, Materializing param=vit.encoder.layer.7.output.dense.bias]
Loading weights:  67%|██████▋   | 134/200 [00:00<00:00, 3839.31it/s, Materializing param=vit.encoder.layer.7.output.dense.weight]
Loading weights:  67%|██████▋   | 134/200 [00:00<00:00, 3836.66it/s, Materializing param=vit.encoder.layer.7.output.dense.weight]
Loading weights:  68%|██████▊   | 135/200 [00:00<00:00, 3861.10it/s, Materializing param=vit.encoder.layer.8.attention.attention.key.bias]
Loading weights:  68%|██████▊   | 135/200 [00:00<00:00, 3858.47it/s, Materializing param=vit.encoder.layer.8.attention.attention.key.bias]
Loading weights:  68%|██████▊   | 136/200 [00:00<00:00, 3882.16it/s, Materializing param=vit.encoder.layer.8.attention.attention.key.weight]
Loading weights:  68%|██████▊   | 136/200 [00:00<00:00, 3879.49it/s, Materializing param=vit.encoder.layer.8.attention.attention.key.weight]
Loading weights:  68%|██████▊   | 137/200 [00:00<00:00, 3903.45it/s, Materializing param=vit.encoder.layer.8.attention.attention.query.bias]
Loading weights:  68%|██████▊   | 137/200 [00:00<00:00, 3900.78it/s, Materializing param=vit.encoder.layer.8.attention.attention.query.bias]
Loading weights:  69%|██████▉   | 138/200 [00:00<00:00, 3924.67it/s, Materializing param=vit.encoder.layer.8.attention.attention.query.weight]
Loading weights:  69%|██████▉   | 138/200 [00:00<00:00, 3921.88it/s, Materializing param=vit.encoder.layer.8.attention.attention.query.weight]
Loading weights:  70%|██████▉   | 139/200 [00:00<00:00, 3945.27it/s, Materializing param=vit.encoder.layer.8.attention.attention.value.bias]  
Loading weights:  70%|██████▉   | 139/200 [00:00<00:00, 3939.46it/s, Materializing param=vit.encoder.layer.8.attention.attention.value.bias]
Loading weights:  70%|███████   | 140/200 [00:00<00:00, 3957.24it/s, Materializing param=vit.encoder.layer.8.attention.attention.value.weight]
Loading weights:  70%|███████   | 140/200 [00:00<00:00, 3953.13it/s, Materializing param=vit.encoder.layer.8.attention.attention.value.weight]
Loading weights:  70%|███████   | 141/200 [00:00<00:00, 3973.93it/s, Materializing param=vit.encoder.layer.8.attention.output.dense.bias]     
Loading weights:  70%|███████   | 141/200 [00:00<00:00, 3970.71it/s, Materializing param=vit.encoder.layer.8.attention.output.dense.bias]
Loading weights:  71%|███████   | 142/200 [00:00<00:00, 3993.10it/s, Materializing param=vit.encoder.layer.8.attention.output.dense.weight]
Loading weights:  71%|███████   | 142/200 [00:00<00:00, 3990.11it/s, Materializing param=vit.encoder.layer.8.attention.output.dense.weight]
Loading weights:  72%|███████▏  | 143/200 [00:00<00:00, 4012.78it/s, Materializing param=vit.encoder.layer.8.intermediate.dense.bias]      
Loading weights:  72%|███████▏  | 143/200 [00:00<00:00, 4009.74it/s, Materializing param=vit.encoder.layer.8.intermediate.dense.bias]
Loading weights:  72%|███████▏  | 144/200 [00:00<00:00, 4032.37it/s, Materializing param=vit.encoder.layer.8.intermediate.dense.weight]
Loading weights:  72%|███████▏  | 144/200 [00:00<00:00, 4029.43it/s, Materializing param=vit.encoder.layer.8.intermediate.dense.weight]
Loading weights:  72%|███████▎  | 145/200 [00:00<00:00, 4052.41it/s, Materializing param=vit.encoder.layer.8.layernorm_after.bias]     
Loading weights:  72%|███████▎  | 145/200 [00:00<00:00, 4049.50it/s, Materializing param=vit.encoder.layer.8.layernorm_after.bias]
Loading weights:  73%|███████▎  | 146/200 [00:00<00:00, 4072.30it/s, Materializing param=vit.encoder.layer.8.layernorm_after.weight]
Loading weights:  73%|███████▎  | 146/200 [00:00<00:00, 4069.43it/s, Materializing param=vit.encoder.layer.8.layernorm_after.weight]
Loading weights:  74%|███████▎  | 147/200 [00:00<00:00, 4092.52it/s, Materializing param=vit.encoder.layer.8.layernorm_before.bias] 
Loading weights:  74%|███████▎  | 147/200 [00:00<00:00, 4089.67it/s, Materializing param=vit.encoder.layer.8.layernorm_before.bias]
Loading weights:  74%|███████▍  | 148/200 [00:00<00:00, 4112.47it/s, Materializing param=vit.encoder.layer.8.layernorm_before.weight]
Loading weights:  74%|███████▍  | 148/200 [00:00<00:00, 4109.86it/s, Materializing param=vit.encoder.layer.8.layernorm_before.weight]
Loading weights:  74%|███████▍  | 149/200 [00:00<00:00, 4133.36it/s, Materializing param=vit.encoder.layer.8.output.dense.bias]      
Loading weights:  74%|███████▍  | 149/200 [00:00<00:00, 4130.74it/s, Materializing param=vit.encoder.layer.8.output.dense.bias]
Loading weights:  75%|███████▌  | 150/200 [00:00<00:00, 4153.96it/s, Materializing param=vit.encoder.layer.8.output.dense.weight]
Loading weights:  75%|███████▌  | 150/200 [00:00<00:00, 4151.32it/s, Materializing param=vit.encoder.layer.8.output.dense.weight]
Loading weights:  76%|███████▌  | 151/200 [00:00<00:00, 4174.73it/s, Materializing param=vit.encoder.layer.9.attention.attention.key.bias]
Loading weights:  76%|███████▌  | 151/200 [00:00<00:00, 4171.60it/s, Materializing param=vit.encoder.layer.9.attention.attention.key.bias]
Loading weights:  76%|███████▌  | 152/200 [00:00<00:00, 4194.47it/s, Materializing param=vit.encoder.layer.9.attention.attention.key.weight]
Loading weights:  76%|███████▌  | 152/200 [00:00<00:00, 4191.71it/s, Materializing param=vit.encoder.layer.9.attention.attention.key.weight]
Loading weights:  76%|███████▋  | 153/200 [00:00<00:00, 4214.52it/s, Materializing param=vit.encoder.layer.9.attention.attention.query.bias]
Loading weights:  76%|███████▋  | 153/200 [00:00<00:00, 4211.59it/s, Materializing param=vit.encoder.layer.9.attention.attention.query.bias]
Loading weights:  77%|███████▋  | 154/200 [00:00<00:00, 4233.92it/s, Materializing param=vit.encoder.layer.9.attention.attention.query.weight]
Loading weights:  77%|███████▋  | 154/200 [00:00<00:00, 4230.62it/s, Materializing param=vit.encoder.layer.9.attention.attention.query.weight]
Loading weights:  78%|███████▊  | 155/200 [00:00<00:00, 4253.33it/s, Materializing param=vit.encoder.layer.9.attention.attention.value.bias]  
Loading weights:  78%|███████▊  | 155/200 [00:00<00:00, 4250.52it/s, Materializing param=vit.encoder.layer.9.attention.attention.value.bias]
Loading weights:  78%|███████▊  | 156/200 [00:00<00:00, 4273.25it/s, Materializing param=vit.encoder.layer.9.attention.attention.value.weight]
Loading weights:  78%|███████▊  | 156/200 [00:00<00:00, 4270.57it/s, Materializing param=vit.encoder.layer.9.attention.attention.value.weight]
Loading weights:  78%|███████▊  | 157/200 [00:00<00:00, 4293.24it/s, Materializing param=vit.encoder.layer.9.attention.output.dense.bias]     
Loading weights:  78%|███████▊  | 157/200 [00:00<00:00, 4290.41it/s, Materializing param=vit.encoder.layer.9.attention.output.dense.bias]
Loading weights:  79%|███████▉  | 158/200 [00:00<00:00, 4312.80it/s, Materializing param=vit.encoder.layer.9.attention.output.dense.weight]
Loading weights:  79%|███████▉  | 158/200 [00:00<00:00, 4309.96it/s, Materializing param=vit.encoder.layer.9.attention.output.dense.weight]
Loading weights:  80%|███████▉  | 159/200 [00:00<00:00, 4332.40it/s, Materializing param=vit.encoder.layer.9.intermediate.dense.bias]      
Loading weights:  80%|███████▉  | 159/200 [00:00<00:00, 4329.47it/s, Materializing param=vit.encoder.layer.9.intermediate.dense.bias]
Loading weights:  80%|████████  | 160/200 [00:00<00:00, 4352.07it/s, Materializing param=vit.encoder.layer.9.intermediate.dense.weight]
Loading weights:  80%|████████  | 160/200 [00:00<00:00, 4349.22it/s, Materializing param=vit.encoder.layer.9.intermediate.dense.weight]
Loading weights:  80%|████████  | 161/200 [00:00<00:00, 4371.90it/s, Materializing param=vit.encoder.layer.9.layernorm_after.bias]     
Loading weights:  80%|████████  | 161/200 [00:00<00:00, 4369.15it/s, Materializing param=vit.encoder.layer.9.layernorm_after.bias]
Loading weights:  81%|████████  | 162/200 [00:00<00:00, 4391.80it/s, Materializing param=vit.encoder.layer.9.layernorm_after.weight]
Loading weights:  81%|████████  | 162/200 [00:00<00:00, 4389.16it/s, Materializing param=vit.encoder.layer.9.layernorm_after.weight]
Loading weights:  82%|████████▏ | 163/200 [00:00<00:00, 4411.70it/s, Materializing param=vit.encoder.layer.9.layernorm_before.bias] 
Loading weights:  82%|████████▏ | 163/200 [00:00<00:00, 4408.99it/s, Materializing param=vit.encoder.layer.9.layernorm_before.bias]
Loading weights:  82%|████████▏ | 164/200 [00:00<00:00, 4431.47it/s, Materializing param=vit.encoder.layer.9.layernorm_before.weight]
Loading weights:  82%|████████▏ | 164/200 [00:00<00:00, 4428.70it/s, Materializing param=vit.encoder.layer.9.layernorm_before.weight]
Loading weights:  82%|████████▎ | 165/200 [00:00<00:00, 4451.26it/s, Materializing param=vit.encoder.layer.9.output.dense.bias]      
Loading weights:  82%|████████▎ | 165/200 [00:00<00:00, 4448.63it/s, Materializing param=vit.encoder.layer.9.output.dense.bias]
Loading weights:  83%|████████▎ | 166/200 [00:00<00:00, 4471.11it/s, Materializing param=vit.encoder.layer.9.output.dense.weight]
Loading weights:  83%|████████▎ | 166/200 [00:00<00:00, 4468.47it/s, Materializing param=vit.encoder.layer.9.output.dense.weight]
Loading weights:  84%|████████▎ | 167/200 [00:00<00:00, 4490.92it/s, Materializing param=vit.encoder.layer.10.attention.attention.key.bias]
Loading weights:  84%|████████▎ | 167/200 [00:00<00:00, 4487.52it/s, Materializing param=vit.encoder.layer.10.attention.attention.key.bias]
Loading weights:  84%|████████▍ | 168/200 [00:00<00:00, 4509.43it/s, Materializing param=vit.encoder.layer.10.attention.attention.key.weight]
Loading weights:  84%|████████▍ | 168/200 [00:00<00:00, 4506.57it/s, Materializing param=vit.encoder.layer.10.attention.attention.key.weight]
Loading weights:  84%|████████▍ | 169/200 [00:00<00:00, 4528.39it/s, Materializing param=vit.encoder.layer.10.attention.attention.query.bias]
Loading weights:  84%|████████▍ | 169/200 [00:00<00:00, 4525.61it/s, Materializing param=vit.encoder.layer.10.attention.attention.query.bias]
Loading weights:  85%|████████▌ | 170/200 [00:00<00:00, 4547.25it/s, Materializing param=vit.encoder.layer.10.attention.attention.query.weight]
Loading weights:  85%|████████▌ | 170/200 [00:00<00:00, 4544.35it/s, Materializing param=vit.encoder.layer.10.attention.attention.query.weight]
Loading weights:  86%|████████▌ | 171/200 [00:00<00:00, 4566.20it/s, Materializing param=vit.encoder.layer.10.attention.attention.value.bias]  
Loading weights:  86%|████████▌ | 171/200 [00:00<00:00, 4563.41it/s, Materializing param=vit.encoder.layer.10.attention.attention.value.bias]
Loading weights:  86%|████████▌ | 172/200 [00:00<00:00, 4585.31it/s, Materializing param=vit.encoder.layer.10.attention.attention.value.weight]
Loading weights:  86%|████████▌ | 172/200 [00:00<00:00, 4582.40it/s, Materializing param=vit.encoder.layer.10.attention.attention.value.weight]
Loading weights:  86%|████████▋ | 173/200 [00:00<00:00, 4604.24it/s, Materializing param=vit.encoder.layer.10.attention.output.dense.bias]     
Loading weights:  86%|████████▋ | 173/200 [00:00<00:00, 4601.29it/s, Materializing param=vit.encoder.layer.10.attention.output.dense.bias]
Loading weights:  87%|████████▋ | 174/200 [00:00<00:00, 4623.23it/s, Materializing param=vit.encoder.layer.10.attention.output.dense.weight]
Loading weights:  87%|████████▋ | 174/200 [00:00<00:00, 4620.39it/s, Materializing param=vit.encoder.layer.10.attention.output.dense.weight]
Loading weights:  88%|████████▊ | 175/200 [00:00<00:00, 4642.15it/s, Materializing param=vit.encoder.layer.10.intermediate.dense.bias]      
Loading weights:  88%|████████▊ | 175/200 [00:00<00:00, 4639.31it/s, Materializing param=vit.encoder.layer.10.intermediate.dense.bias]
Loading weights:  88%|████████▊ | 176/200 [00:00<00:00, 4661.13it/s, Materializing param=vit.encoder.layer.10.intermediate.dense.weight]
Loading weights:  88%|████████▊ | 176/200 [00:00<00:00, 4658.31it/s, Materializing param=vit.encoder.layer.10.intermediate.dense.weight]
Loading weights:  88%|████████▊ | 177/200 [00:00<00:00, 4680.29it/s, Materializing param=vit.encoder.layer.10.layernorm_after.bias]     
Loading weights:  88%|████████▊ | 177/200 [00:00<00:00, 4677.46it/s, Materializing param=vit.encoder.layer.10.layernorm_after.bias]
Loading weights:  89%|████████▉ | 178/200 [00:00<00:00, 4699.17it/s, Materializing param=vit.encoder.layer.10.layernorm_after.weight]
Loading weights:  89%|████████▉ | 178/200 [00:00<00:00, 4696.31it/s, Materializing param=vit.encoder.layer.10.layernorm_after.weight]
Loading weights:  90%|████████▉ | 179/200 [00:00<00:00, 4718.06it/s, Materializing param=vit.encoder.layer.10.layernorm_before.bias] 
Loading weights:  90%|████████▉ | 179/200 [00:00<00:00, 4715.34it/s, Materializing param=vit.encoder.layer.10.layernorm_before.bias]
Loading weights:  90%|█████████ | 180/200 [00:00<00:00, 4737.07it/s, Materializing param=vit.encoder.layer.10.layernorm_before.weight]
Loading weights:  90%|█████████ | 180/200 [00:00<00:00, 4733.83it/s, Materializing param=vit.encoder.layer.10.layernorm_before.weight]
Loading weights:  90%|█████████ | 181/200 [00:00<00:00, 4755.51it/s, Materializing param=vit.encoder.layer.10.output.dense.bias]      
Loading weights:  90%|█████████ | 181/200 [00:00<00:00, 4752.65it/s, Materializing param=vit.encoder.layer.10.output.dense.bias]
Loading weights:  91%|█████████ | 182/200 [00:00<00:00, 4774.00it/s, Materializing param=vit.encoder.layer.10.output.dense.weight]
Loading weights:  91%|█████████ | 182/200 [00:00<00:00, 4771.14it/s, Materializing param=vit.encoder.layer.10.output.dense.weight]
Loading weights:  92%|█████████▏| 183/200 [00:00<00:00, 4792.56it/s, Materializing param=vit.encoder.layer.11.attention.attention.key.bias]
Loading weights:  92%|█████████▏| 183/200 [00:00<00:00, 4789.57it/s, Materializing param=vit.encoder.layer.11.attention.attention.key.bias]
Loading weights:  92%|█████████▏| 184/200 [00:00<00:00, 4809.95it/s, Materializing param=vit.encoder.layer.11.attention.attention.key.weight]
Loading weights:  92%|█████████▏| 184/200 [00:00<00:00, 4806.93it/s, Materializing param=vit.encoder.layer.11.attention.attention.key.weight]
Loading weights:  92%|█████████▎| 185/200 [00:00<00:00, 4828.15it/s, Materializing param=vit.encoder.layer.11.attention.attention.query.bias]
Loading weights:  92%|█████████▎| 185/200 [00:00<00:00, 4825.12it/s, Materializing param=vit.encoder.layer.11.attention.attention.query.bias]
Loading weights:  93%|█████████▎| 186/200 [00:00<00:00, 4846.26it/s, Materializing param=vit.encoder.layer.11.attention.attention.query.weight]
Loading weights:  93%|█████████▎| 186/200 [00:00<00:00, 4843.37it/s, Materializing param=vit.encoder.layer.11.attention.attention.query.weight]
Loading weights:  94%|█████████▎| 187/200 [00:00<00:00, 4864.48it/s, Materializing param=vit.encoder.layer.11.attention.attention.value.bias]  
Loading weights:  94%|█████████▎| 187/200 [00:00<00:00, 4861.56it/s, Materializing param=vit.encoder.layer.11.attention.attention.value.bias]
Loading weights:  94%|█████████▍| 188/200 [00:00<00:00, 4882.59it/s, Materializing param=vit.encoder.layer.11.attention.attention.value.weight]
Loading weights:  94%|█████████▍| 188/200 [00:00<00:00, 4879.69it/s, Materializing param=vit.encoder.layer.11.attention.attention.value.weight]
Loading weights:  94%|█████████▍| 189/200 [00:00<00:00, 4900.80it/s, Materializing param=vit.encoder.layer.11.attention.output.dense.bias]     
Loading weights:  94%|█████████▍| 189/200 [00:00<00:00, 4897.86it/s, Materializing param=vit.encoder.layer.11.attention.output.dense.bias]
Loading weights:  95%|█████████▌| 190/200 [00:00<00:00, 4918.97it/s, Materializing param=vit.encoder.layer.11.attention.output.dense.weight]
Loading weights:  95%|█████████▌| 190/200 [00:00<00:00, 4915.91it/s, Materializing param=vit.encoder.layer.11.attention.output.dense.weight]
Loading weights:  96%|█████████▌| 191/200 [00:00<00:00, 4936.03it/s, Materializing param=vit.encoder.layer.11.intermediate.dense.bias]      
Loading weights:  96%|█████████▌| 191/200 [00:00<00:00, 4932.86it/s, Materializing param=vit.encoder.layer.11.intermediate.dense.bias]
Loading weights:  96%|█████████▌| 192/200 [00:00<00:00, 4953.54it/s, Materializing param=vit.encoder.layer.11.intermediate.dense.weight]
Loading weights:  96%|█████████▌| 192/200 [00:00<00:00, 4950.37it/s, Materializing param=vit.encoder.layer.11.intermediate.dense.weight]
Loading weights:  96%|█████████▋| 193/200 [00:00<00:00, 4971.14it/s, Materializing param=vit.encoder.layer.11.layernorm_after.bias]     
Loading weights:  96%|█████████▋| 193/200 [00:00<00:00, 4967.69it/s, Materializing param=vit.encoder.layer.11.layernorm_after.bias]
Loading weights:  97%|█████████▋| 194/200 [00:00<00:00, 4988.05it/s, Materializing param=vit.encoder.layer.11.layernorm_after.weight]
Loading weights:  97%|█████████▋| 194/200 [00:00<00:00, 4984.81it/s, Materializing param=vit.encoder.layer.11.layernorm_after.weight]
Loading weights:  98%|█████████▊| 195/200 [00:00<00:00, 5005.26it/s, Materializing param=vit.encoder.layer.11.layernorm_before.bias] 
Loading weights:  98%|█████████▊| 195/200 [00:00<00:00, 5002.17it/s, Materializing param=vit.encoder.layer.11.layernorm_before.bias]
Loading weights:  98%|█████████▊| 196/200 [00:00<00:00, 5022.81it/s, Materializing param=vit.encoder.layer.11.layernorm_before.weight]
Loading weights:  98%|█████████▊| 196/200 [00:00<00:00, 5019.71it/s, Materializing param=vit.encoder.layer.11.layernorm_before.weight]
Loading weights:  98%|█████████▊| 197/200 [00:00<00:00, 5040.43it/s, Materializing param=vit.encoder.layer.11.output.dense.bias]      
Loading weights:  98%|█████████▊| 197/200 [00:00<00:00, 5037.45it/s, Materializing param=vit.encoder.layer.11.output.dense.bias]
Loading weights:  99%|█████████▉| 198/200 [00:00<00:00, 5057.99it/s, Materializing param=vit.encoder.layer.11.output.dense.weight]
Loading weights:  99%|█████████▉| 198/200 [00:00<00:00, 5055.13it/s, Materializing param=vit.encoder.layer.11.output.dense.weight]
Loading weights: 100%|█████████▉| 199/200 [00:00<00:00, 5075.60it/s, Materializing param=vit.layernorm.bias]                      
Loading weights: 100%|█████████▉| 199/200 [00:00<00:00, 5072.11it/s, Materializing param=vit.layernorm.bias]
Loading weights: 100%|██████████| 200/200 [00:00<00:00, 5092.93it/s, Materializing param=vit.layernorm.weight]
Loading weights: 100%|██████████| 200/200 [00:00<00:00, 5090.08it/s, Materializing param=vit.layernorm.weight]
Loading weights: 100%|██████████| 200/200 [00:00<00:00, 5079.48it/s, Materializing param=vit.layernorm.weight]
[1mViTForImageClassification LOAD REPORT[0m from: google/vit-base-patch16-224
Key               | Status   |                                                                                          
------------------+----------+------------------------------------------------------------------------------------------
classifier.weight | MISMATCH | Reinit due to size mismatch - ckpt: torch.Size([1000, 768]) vs model:torch.Size([7, 768])
classifier.bias   | MISMATCH | Reinit due to size mismatch - ckpt: torch.Size([1000]) vs model:torch.Size([7])          

[3mNotes:
- MISMATCH[3m	:ckpt weights were loaded, but they did not match the original empty weight shapes.[0m
✅ Trained model loaded successfully
INFO:     127.0.0.1:52968 - "POST /predict/image?mode=real HTTP/1.1" 200 OK
INFO:     127.0.0.1:52977 - "GET / HTTP/1.1" 200 OK
INFO:     127.0.0.1:52977 - "GET /docs HTTP/1.1" 200 OK
INFO:     127.0.0.1:52979 - "POST /predict/image?mode=mock HTTP/1.1" 200 OK
INFO:     127.0.0.1:52979 - "POST /predict/image?mode=real HTTP/1.1" 200 OK
INFO:     127.0.0.1:52979 - "POST /predict/image?mode=real HTTP/1.1" 200 OK
INFO:     127.0.0.1:52979 - "POST /predict/image?mode=real HTTP/1.1" 200 OK
INFO:     127.0.0.1:52979 - "POST /predict/image?mode=real HTTP/1.1" 200 OK
INFO:     127.0.0.1:52979 - "POST /predict/image?mode=real HTTP/1.1" 200 OK
INFO:     127.0.0.1:52979 - "POST /predict/image?mode=real HTTP/1.1" 200 OK
INFO:     127.0.0.1:52979 - "POST /predict/image?mode=real HTTP/1.1" 200 OK
INFO:     127.0.0.1:52983 - "POST /predict/image?mode=real HTTP/1.1" 200 OK
INFO:     127.0.0.1:52991 - "POST /predict/manual?mode=real HTTP/1.1" 200 OK
INFO:     127.0.0.1:52991 - "POST /predict/manual?mode=real HTTP/1.1" 200 OK
INFO:     127.0.0.1:52995 - "POST /predict/manual?mode=real HTTP/1.1" 200 OK
INFO:     127.0.0.1:52997 - "POST /predict/image?mode=real HTTP/1.1" 200 OK
INFO:     127.0.0.1:52997 - "POST /predict/image?mode=real HTTP/1.1" 200 OK
INFO:     127.0.0.1:52997 - "POST /predict/image?mode=real HTTP/1.1" 200 OK
INFO:     127.0.0.1:52999 - "POST /predict/image?mode=real HTTP/1.1" 200 OK
INFO:     127.0.0.1:53001 - "POST /predict/image?mode=real HTTP/1.1" 200 OK
/Library/Frameworks/Python.framework/Versions/3.13/lib/python3.13/multiprocessing/resource_tracker.py:324: UserWarning: resource_tracker: There appear to be 1 leaked semaphore objects to clean up at shutdown: {'/loky-9308-u1smjf1t'}
  warnings.warn(
